1.5294 	WARNING 	We strongly recommend you activate the PTB sound engine in PsychoPy prefs as the preferred audio engine. Its timing is vastly superior. Your prefs are currently set to use ['sounddevice', 'PTB', 'pyo', 'pygame'] (in that order).
34.0182 	WARNING 	User requested fullscreen with size [1366  768], but screen is actually [1440, 900]. Using actual size
35.0170 	EXP 	Created window1 = Window(allowGUI=False, allowStencil=False, args=UNKNOWN, autoLog=True, bitsMode=UNKNOWN, blendMode='avg', bpc=(8, 8, 8), color=array([1., 1., 1.]), colorSpace='rgb', depthBits=8, fullscr=<method-wrapper '__getattribute__' of attributeSetter object at 0x12c76c940>, gamma=None, gammaErrorPolicy='raise', kwargs=UNKNOWN, lms=UNKNOWN, monitor=<psychopy.monitors.calibTools.Monitor object at 0x12afa9828>, multiSample=False, name='window1', numSamples=2, pos=[0.0, 0.0], screen=0, size=array([1440,  900]), stencilBits=0, stereo=False, units='height', useFBO=True, useRetina=False, viewOri=0.0, viewPos=None, viewScale=None, waitBlanking=True, winType='pyglet')
35.0171 	EXP 	window1: recordFrameIntervals = False
35.1793 	EXP 	window1: recordFrameIntervals = True
35.3642 	EXP 	window1: recordFrameIntervals = False
35.4423 	EXP 	Created instr1 = ImageStim(__class__=<class 'psychopy.visual.image.ImageStim'>, autoLog=True, color=array([1., 1., 1.]), colorSpace='rgb', contrast=1.0, depth=0.0, flipHoriz=False, flipVert=False, image='sin', interpolate=True, mask=None, maskParams=None, name='instr1', opacity=1.0, ori=0.0, pos=array([0., 0.]), size=array([2., 2.]), texRes=128, units='norm', win=Window(...))
35.6206 	EXP 	Created practiceMessage = TextStim(__class__=<class 'psychopy.visual.text.TextStim'>, alignHoriz=method-wrapper(...), alignText='center', alignVert=method-wrapper(...), anchorHoriz='center', anchorVert='center', antialias=True, autoLog=True, bold=False, color='black', colorSpace='named', contrast=1.0, depth=-2.0, flipHoriz=False, flipVert=False, font='Sans Serif', fontFiles=[], height=0.05, italic=False, languageStyle='LTR', name='practiceMessage', opacity=1.0, ori=0, pos=array([0., 0.]), rgb=array([0., 0., 0.]), text='default text', units='height', win=Window(...), wrapWidth=1)
35.6249 	EXP 	Created fixcross = ShapeStim(__class__=<class 'psychopy.visual.shape.ShapeStim'>, autoDraw=False, autoLog=True, closeShape=True, contrast=1.0, depth=0.0, fillColor=array([-1., -1., -1.]), fillColorSpace='rgb', interpolate=True, lineColor=array([1., 1., 1.]), lineColorSpace='rgb', lineWidth=1, name='fixcross', opacity=1.0, ori=array(0.), pos=array([0., 0.]), size=array([20., 20.]), units='pix', vertices=ndarray(...), win=Window(...), windingRule=None)
35.6279 	EXP 	Created practiceP1 = ImageStim(__class__=<class 'psychopy.visual.image.ImageStim'>, autoLog=True, color=array([1., 1., 1.]), colorSpace='rgb', contrast=1.0, depth=0.0, flipHoriz=False, flipVert=False, image='sin', interpolate=True, mask=None, maskParams=None, name='practiceP1', opacity=1.0, ori=0.0, pos=array([-250.,    0.]), size=array([200., 200.]), texRes=128, units='pix', win=Window(...))
35.6308 	EXP 	Created practiceP2 = ImageStim(__class__=<class 'psychopy.visual.image.ImageStim'>, autoLog=True, color=array([1., 1., 1.]), colorSpace='rgb', contrast=1.0, depth=-1.0, flipHoriz=False, flipVert=False, image='sin', interpolate=True, mask=None, maskParams=None, name='practiceP2', opacity=1.0, ori=0.0, pos=array([250.,   0.]), size=array([200., 200.]), texRes=128, units='pix', win=Window(...))
35.6573 	EXP 	Created crossPractice = ShapeStim(__class__=<class 'psychopy.visual.shape.ShapeStim'>, autoDraw=False, autoLog=True, closeShape=True, contrast=1.0, depth=-4.0, fillColor=array([-1., -1., -1.]), fillColorSpace='rgb', interpolate=True, lineColor=array([1., 1., 1.]), lineColorSpace='rgb', lineWidth=1, name='crossPractice', opacity=1.0, ori=array(0.), pos=array([0., 0.]), size=array([20., 20.]), units='pix', vertices=ndarray(...), win=Window(...), windingRule=None)
35.6614 	EXP 	Created practiceFeedback = TextStim(__class__=<class 'psychopy.visual.text.TextStim'>, alignHoriz=method-wrapper(...), alignText='center', alignVert=method-wrapper(...), anchorHoriz='center', anchorVert='center', antialias=True, autoLog=True, bold=False, color='black', colorSpace='named', contrast=1.0, depth=0.0, flipHoriz=False, flipVert=False, font='Sans Serif', fontFiles=[], height=0.05, italic=False, languageStyle='LTR', name='practiceFeedback', opacity=1.0, ori=0, pos=array([0., 0.]), rgb=array([0., 0., 0.]), text='default text', units='height', win=Window(...), wrapWidth=1)
35.6918 	EXP 	Created screenAfterFB = TextStim(__class__=<class 'psychopy.visual.text.TextStim'>, alignHoriz=method-wrapper(...), alignText='center', alignVert=method-wrapper(...), anchorHoriz='center', anchorVert='center', antialias=True, autoLog=True, bold=False, color='white', colorSpace='named', contrast=1.0, depth=-2.0, flipHoriz=False, flipVert=False, font='Calibri', fontFiles=[], height=0.1, italic=False, languageStyle='LTR', name='screenAfterFB', opacity=1.0, ori=0, pos=array([0., 0.]), rgb=array([255., 255., 255.]), text='Any text\n\nincluding line breaks', units='height', win=Window(...), wrapWidth=1)
35.7075 	EXP 	Created ac_stim_prac = ImageStim(__class__=<class 'psychopy.visual.image.ImageStim'>, autoLog=True, color=array([1., 1., 1.]), colorSpace='rgb', contrast=1.0, depth=-2.0, flipHoriz=False, flipVert=False, image='sin', interpolate=True, mask=None, maskParams=None, name='ac_stim_prac', opacity=1.0, ori=0.0, pos=array([0., 0.]), size=array([200., 200.]), texRes=128, units='pix', win=Window(...))
35.7136 	EXP 	Created Pos1_prac = TextStim(__class__=<class 'psychopy.visual.text.TextStim'>, alignHoriz=method-wrapper(...), alignText='center', alignVert=method-wrapper(...), anchorHoriz='center', anchorVert='center', antialias=True, autoLog=True, bold=False, color='black', colorSpace='named', contrast=1.0, depth=-3.0, flipHoriz=False, flipVert=False, font='Sans Serif', fontFiles=[], height=0.05, italic=False, languageStyle='LTR', name='Pos1_prac', opacity=1.0, ori=0, pos=array([0.  , 0.25]), rgb=array([0., 0., 0.]), text='default text', units='height', win=Window(...), wrapWidth=1)
35.7170 	EXP 	Created Pos2_prac = TextStim(__class__=<class 'psychopy.visual.text.TextStim'>, alignHoriz=method-wrapper(...), alignText='center', alignVert=method-wrapper(...), anchorHoriz='center', anchorVert='center', antialias=True, autoLog=True, bold=False, color='black', colorSpace='named', contrast=1.0, depth=-4.0, flipHoriz=False, flipVert=False, font='Sans Serif', fontFiles=[], height=0.05, italic=False, languageStyle='LTR', name='Pos2_prac', opacity=1.0, ori=0, pos=array([0.3, 0. ]), rgb=array([0., 0., 0.]), text='default text', units='height', win=Window(...), wrapWidth=1)
35.7206 	EXP 	Created Pos3_prac = TextStim(__class__=<class 'psychopy.visual.text.TextStim'>, alignHoriz=method-wrapper(...), alignText='center', alignVert=method-wrapper(...), anchorHoriz='center', anchorVert='center', antialias=True, autoLog=True, bold=False, color='black', colorSpace='named', contrast=1.0, depth=-5.0, flipHoriz=False, flipVert=False, font='Sans Serif', fontFiles=[], height=0.05, italic=False, languageStyle='LTR', name='Pos3_prac', opacity=1.0, ori=0, pos=array([ 0.  , -0.25]), rgb=array([0., 0., 0.]), text='default text', units='height', win=Window(...), wrapWidth=1)
35.7240 	EXP 	Created Pos4_prac = TextStim(__class__=<class 'psychopy.visual.text.TextStim'>, alignHoriz=method-wrapper(...), alignText='center', alignVert=method-wrapper(...), anchorHoriz='center', anchorVert='center', antialias=True, autoLog=True, bold=False, color='black', colorSpace='named', contrast=1.0, depth=-6.0, flipHoriz=False, flipVert=False, font='Sans Serif', fontFiles=[], height=0.05, italic=False, languageStyle='LTR', name='Pos4_prac', opacity=1.0, ori=0, pos=array([-0.3,  0. ]), rgb=array([0., 0., 0.]), text='default text', units='height', win=Window(...), wrapWidth=1)
35.7408 	EXP 	Created taskAC_prac = TextStim(__class__=<class 'psychopy.visual.text.TextStim'>, alignHoriz=method-wrapper(...), alignText='center', alignVert=method-wrapper(...), anchorHoriz='center', anchorVert='center', antialias=True, autoLog=True, bold=False, color='black', colorSpace='named', contrast=1.0, depth=-7.0, flipHoriz=False, flipVert=False, font='Sans Serif', fontFiles=[], height=0.05, italic=False, languageStyle='LTR', name='taskAC_prac', opacity=1.0, ori=0, pos=array([0. , 0.4]), rgb=array([0., 0., 0.]), text="Use arrows to choose the shape's name", units='height', win=Window(...), wrapWidth=1)
35.7676 	EXP 	Created disturbed = TextStim(__class__=<class 'psychopy.visual.text.TextStim'>, alignHoriz=method-wrapper(...), alignText='center', alignVert=method-wrapper(...), anchorHoriz='center', anchorVert='center', antialias=True, autoLog=True, bold=False, color='black', colorSpace='named', contrast=1.0, depth=0.0, flipHoriz=False, flipVert=False, font='Sans Serif', fontFiles=[], height=0.05, italic=False, languageStyle='LTR', name='disturbed', opacity=1.0, ori=0, pos=array([0., 0.]), rgb=array([0., 0., 0.]), text=str(...), units='height', win=Window(...), wrapWidth=1)
35.7826 	EXP 	Created messageChecks = TextStim(__class__=<class 'psychopy.visual.text.TextStim'>, alignHoriz=method-wrapper(...), alignText='center', alignVert=method-wrapper(...), anchorHoriz='center', anchorVert='center', antialias=True, autoLog=True, bold=False, color='black', colorSpace='named', contrast=1.0, depth=-1.0, flipHoriz=False, flipVert=False, font='Sans Serif', fontFiles=[], height=0.05, italic=False, languageStyle='LTR', name='messageChecks', opacity=1.0, ori=0, pos=array([0., 0.]), rgb=array([0., 0., 0.]), text='default text', units='height', win=Window(...), wrapWidth=1)
35.7970 	EXP 	Created beginBlock = TextStim(__class__=<class 'psychopy.visual.text.TextStim'>, alignHoriz=method-wrapper(...), alignText='center', alignVert=method-wrapper(...), anchorHoriz='center', anchorVert='center', antialias=True, autoLog=True, bold=False, color='black', colorSpace='named', contrast=1.0, depth=-1.0, flipHoriz=False, flipVert=False, font='Sans Serif', fontFiles=[], height=0.05, italic=False, languageStyle='LTR', name='beginBlock', opacity=1.0, ori=0, pos=array([0., 0.]), rgb=array([0., 0., 0.]), text='default text', units='height', win=Window(...), wrapWidth=1)
35.8106 	EXP 	Created fixcross_2 = ShapeStim(__class__=<class 'psychopy.visual.shape.ShapeStim'>, autoDraw=False, autoLog=True, closeShape=True, contrast=1.0, depth=0.0, fillColor=array([-1., -1., -1.]), fillColorSpace='rgb', interpolate=True, lineColor=array([1., 1., 1.]), lineColorSpace='rgb', lineWidth=1, name='fixcross_2', opacity=1.0, ori=array(0.), pos=array([0., 0.]), size=array([20., 20.]), units='pix', vertices=ndarray(...), win=Window(...), windingRule=None)
35.8132 	EXP 	Created imageP1 = ImageStim(__class__=<class 'psychopy.visual.image.ImageStim'>, autoLog=True, color=array([1., 1., 1.]), colorSpace='rgb', contrast=1.0, depth=0.0, flipHoriz=False, flipVert=False, image='sin', interpolate=True, mask=None, maskParams=None, name='imageP1', opacity=1.0, ori=0.0, pos=array([-250.,    0.]), size=array([200., 200.]), texRes=128, units='pix', win=Window(...))
35.8156 	EXP 	Created imageP2 = ImageStim(__class__=<class 'psychopy.visual.image.ImageStim'>, autoLog=True, color=array([1., 1., 1.]), colorSpace='rgb', contrast=1.0, depth=-1.0, flipHoriz=False, flipVert=False, image='sin', interpolate=True, mask=None, maskParams=None, name='imageP2', opacity=1.0, ori=0.0, pos=array([250.,   0.]), size=array([200., 200.]), texRes=128, units='pix', win=Window(...))
35.8290 	EXP 	Created cross_objects = ShapeStim(__class__=<class 'psychopy.visual.shape.ShapeStim'>, autoDraw=False, autoLog=True, closeShape=True, contrast=1.0, depth=-4.0, fillColor=array([-1., -1., -1.]), fillColorSpace='rgb', interpolate=True, lineColor=array([1., 1., 1.]), lineColorSpace='rgb', lineWidth=1, name='cross_objects', opacity=1.0, ori=array(0.), pos=array([0., 0.]), size=array([20., 20.]), units='pix', vertices=ndarray(...), win=Window(...), windingRule=None)
35.8325 	EXP 	Created Feedback = TextStim(__class__=<class 'psychopy.visual.text.TextStim'>, alignHoriz=method-wrapper(...), alignText='center', alignVert=method-wrapper(...), anchorHoriz='center', anchorVert='center', antialias=True, autoLog=True, bold=False, color='black', colorSpace='named', contrast=1.0, depth=0.0, flipHoriz=False, flipVert=False, font='Sans Serif', fontFiles=[], height=0.05, italic=False, languageStyle='LTR', name='Feedback', opacity=1.0, ori=0, pos=array([0., 0.]), rgb=array([0., 0., 0.]), text='default text', units='height', win=Window(...), wrapWidth=1)
35.8376 	EXP 	Created blankScreen2 = TextStim(__class__=<class 'psychopy.visual.text.TextStim'>, alignHoriz=method-wrapper(...), alignText='center', alignVert=method-wrapper(...), anchorHoriz='center', anchorVert='center', antialias=True, autoLog=True, bold=False, color='white', colorSpace='named', contrast=1.0, depth=-2.0, flipHoriz=False, flipVert=False, font='Calibri', fontFiles=[], height=0.1, italic=False, languageStyle='LTR', name='blankScreen2', opacity=1.0, ori=0, pos=array([0., 0.]), rgb=array([255., 255., 255.]), text='Any text\n\nincluding line breaks', units='height', win=Window(...), wrapWidth=1)
35.8508 	EXP 	Created ac_stim = ImageStim(__class__=<class 'psychopy.visual.image.ImageStim'>, autoLog=True, color=array([1., 1., 1.]), colorSpace='rgb', contrast=1.0, depth=-2.0, flipHoriz=False, flipVert=False, image='sin', interpolate=True, mask=None, maskParams=None, name='ac_stim', opacity=1.0, ori=0.0, pos=array([0., 0.]), size=array([200., 200.]), texRes=128, units='pix', win=Window(...))
35.8543 	EXP 	Created Pos1 = TextStim(__class__=<class 'psychopy.visual.text.TextStim'>, alignHoriz=method-wrapper(...), alignText='center', alignVert=method-wrapper(...), anchorHoriz='center', anchorVert='center', antialias=True, autoLog=True, bold=False, color='black', colorSpace='named', contrast=1.0, depth=-3.0, flipHoriz=False, flipVert=False, font='Sans Serif', fontFiles=[], height=0.05, italic=False, languageStyle='LTR', name='Pos1', opacity=1.0, ori=0, pos=array([0.  , 0.25]), rgb=array([0., 0., 0.]), text='default text', units='height', win=Window(...), wrapWidth=1)
35.8577 	EXP 	Created Pos2 = TextStim(__class__=<class 'psychopy.visual.text.TextStim'>, alignHoriz=method-wrapper(...), alignText='center', alignVert=method-wrapper(...), anchorHoriz='center', anchorVert='center', antialias=True, autoLog=True, bold=False, color='black', colorSpace='named', contrast=1.0, depth=-4.0, flipHoriz=False, flipVert=False, font='Sans Serif', fontFiles=[], height=0.05, italic=False, languageStyle='LTR', name='Pos2', opacity=1.0, ori=0, pos=array([0.3, 0. ]), rgb=array([0., 0., 0.]), text='default text', units='height', win=Window(...), wrapWidth=1)
35.8615 	EXP 	Created Pos3 = TextStim(__class__=<class 'psychopy.visual.text.TextStim'>, alignHoriz=method-wrapper(...), alignText='center', alignVert=method-wrapper(...), anchorHoriz='center', anchorVert='center', antialias=True, autoLog=True, bold=False, color='black', colorSpace='named', contrast=1.0, depth=-5.0, flipHoriz=False, flipVert=False, font='Sans Serif', fontFiles=[], height=0.05, italic=False, languageStyle='LTR', name='Pos3', opacity=1.0, ori=0, pos=array([ 0.  , -0.25]), rgb=array([0., 0., 0.]), text='default text', units='height', win=Window(...), wrapWidth=1)
35.8649 	EXP 	Created Pos4 = TextStim(__class__=<class 'psychopy.visual.text.TextStim'>, alignHoriz=method-wrapper(...), alignText='center', alignVert=method-wrapper(...), anchorHoriz='center', anchorVert='center', antialias=True, autoLog=True, bold=False, color='black', colorSpace='named', contrast=1.0, depth=-6.0, flipHoriz=False, flipVert=False, font='Sans Serif', fontFiles=[], height=0.05, italic=False, languageStyle='LTR', name='Pos4', opacity=1.0, ori=0, pos=array([-0.3,  0. ]), rgb=array([0., 0., 0.]), text='default text', units='height', win=Window(...), wrapWidth=1)
35.8696 	EXP 	Created shapeInstructions = TextStim(__class__=<class 'psychopy.visual.text.TextStim'>, alignHoriz=method-wrapper(...), alignText='center', alignVert=method-wrapper(...), anchorHoriz='center', anchorVert='center', antialias=True, autoLog=True, bold=False, color='black', colorSpace='named', contrast=1.0, depth=-7.0, flipHoriz=False, flipVert=False, font='Sans Serif', fontFiles=[], height=0.05, italic=False, languageStyle='LTR', name='shapeInstructions', opacity=1.0, ori=0, pos=array([0. , 0.4]), rgb=array([0., 0., 0.]), text="Use arrows to choose the shape's name", units='height', win=Window(...), wrapWidth=1)
35.8729 	EXP 	Created textEndExperiment = TextStim(__class__=<class 'psychopy.visual.text.TextStim'>, alignHoriz=method-wrapper(...), alignText='center', alignVert=method-wrapper(...), anchorHoriz='center', anchorVert='center', antialias=True, autoLog=True, bold=False, color='black', colorSpace='named', contrast=1.0, depth=-1.0, flipHoriz=False, flipVert=False, font='Sans Serif', fontFiles=[], height=0.05, italic=False, languageStyle='LTR', name='textEndExperiment', opacity=1.0, ori=0, pos=array([0., 0.]), rgb=array([0., 0., 0.]), text='default text', units='height', win=Window(...), wrapWidth=1)
35.8875 	EXP 	Created feedbBlocks = TextStim(__class__=<class 'psychopy.visual.text.TextStim'>, alignHoriz=method-wrapper(...), alignText='center', alignVert=method-wrapper(...), anchorHoriz='center', anchorVert='center', antialias=True, autoLog=True, bold=False, color='black', colorSpace='named', contrast=1.0, depth=-1.0, flipHoriz=False, flipVert=False, font='Sans Serif', fontFiles=[], height=0.05, italic=False, languageStyle='LTR', name='feedbBlocks', opacity=1.0, ori=0, pos=array([0., 0.]), rgb=array([0., 0., 0.]), text='default text', units='height', win=Window(...), wrapWidth=1)
35.9102 	EXP 	Created disturbed = TextStim(__class__=<class 'psychopy.visual.text.TextStim'>, alignHoriz=method-wrapper(...), alignText='center', alignVert=method-wrapper(...), anchorHoriz='center', anchorVert='center', antialias=True, autoLog=True, bold=False, color='black', colorSpace='named', contrast=1.0, depth=0.0, flipHoriz=False, flipVert=False, font='Sans Serif', fontFiles=[], height=0.05, italic=False, languageStyle='LTR', name='disturbed', opacity=1.0, ori=0, pos=array([0., 0.]), rgb=array([0., 0., 0.]), text=str(...), units='height', win=Window(...), wrapWidth=1)
35.9349 	EXP 	Created presentBonus = TextStim(__class__=<class 'psychopy.visual.text.TextStim'>, alignHoriz=method-wrapper(...), alignText='center', alignVert=method-wrapper(...), anchorHoriz='center', anchorVert='center', antialias=True, autoLog=True, bold=False, color='black', colorSpace='named', contrast=1.0, depth=-2.0, flipHoriz=False, flipVert=False, font='Sans Serif', fontFiles=[], height=0.05, italic=False, languageStyle='LTR', name='presentBonus', opacity=1.0, ori=0, pos=array([0., 0.]), rgb=array([0., 0., 0.]), text='default text', units='height', win=Window(...), wrapWidth=1)
35.9358 	EXP 	Created text = TextStim(__class__=<class 'psychopy.visual.text.TextStim'>, alignHoriz=method-wrapper(...), alignText='center', alignVert=method-wrapper(...), anchorHoriz='center', anchorVert='center', antialias=True, autoLog=True, bold=False, color='black', colorSpace='named', contrast=1.0, depth=0.0, flipHoriz=False, flipVert=False, font='Sans Serif', fontFiles=[], height=0.05, italic=False, languageStyle='LTR', name='text', opacity=1.0, ori=0, pos=array([0., 0.]), rgb=array([0., 0., 0.]), text='', units='height', win=Window(...), wrapWidth=1)
35.9521 	EXP 	Created ask_for_feedb = TextStim(__class__=<class 'psychopy.visual.text.TextStim'>, alignHoriz=method-wrapper(...), alignText='center', alignVert=method-wrapper(...), anchorHoriz='center', anchorVert='center', antialias=True, autoLog=True, bold=False, color='black', colorSpace='named', contrast=1.0, depth=-2.0, flipHoriz=False, flipVert=False, font='Sans Serif', fontFiles=[], height=0.05, italic=False, languageStyle='LTR', name='ask_for_feedb', opacity=1.0, ori=0, pos=array([0. , 0.4]), rgb=array([0., 0., 0.]), text=str(...), units='height', win=Window(...), wrapWidth=1)
35.9656 	EXP 	Created finalText = TextStim(__class__=<class 'psychopy.visual.text.TextStim'>, alignHoriz=method-wrapper(...), alignText='center', alignVert=method-wrapper(...), anchorHoriz='center', anchorVert='center', antialias=True, autoLog=True, bold=False, color='black', colorSpace='named', contrast=1.0, depth=0.0, flipHoriz=False, flipVert=False, font='Sans Serif', fontFiles=[], height=0.05, italic=False, languageStyle='LTR', name='finalText', opacity=1.0, ori=0, pos=array([0., 0.]), rgb=array([0., 0., 0.]), text=str(...), units='height', win=Window(...), wrapWidth=1)
35.9783 	EXP 	Created sequence: sequential, trialTypes=1, nReps=100, seed=None
35.9802 	EXP 	New trial (rep=0, index=0): None
36.1329 	EXP 	instr1: image = 'html/resources/instructions/Slide1.jpg'
36.1329 	EXP 	instr1: autoDraw = True
38.7892 	DATA 	Keypress: right
38.8008 	EXP 	New trial (rep=1, index=0): None
38.8827 	EXP 	instr1: autoDraw = False
38.8827 	EXP 	instr1: image = 'html/resources/instructions/Slide2.jpg'
38.8827 	EXP 	instr1: autoDraw = True
39.1182 	EXP 	New trial (rep=2, index=0): None
39.1758 	DATA 	Keypress: space
39.2001 	EXP 	instr1: autoDraw = False
39.2001 	EXP 	instr1: image = 'html/resources/instructions/Slide2.jpg'
39.2001 	EXP 	instr1: autoDraw = True
39.8372 	EXP 	New trial (rep=3, index=0): None
39.8842 	DATA 	Keypress: right
39.9038 	EXP 	instr1: autoDraw = False
39.9038 	EXP 	instr1: image = 'html/resources/instructions/Slide3.jpg'
39.9038 	EXP 	instr1: autoDraw = True
40.0243 	EXP 	New trial (rep=4, index=0): None
40.0731 	DATA 	Keypress: right
40.0876 	EXP 	instr1: autoDraw = False
40.0876 	EXP 	instr1: image = 'html/resources/instructions/Slide4.jpg'
40.0876 	EXP 	instr1: autoDraw = True
40.2241 	EXP 	New trial (rep=5, index=0): None
40.2719 	DATA 	Keypress: right
40.2881 	EXP 	instr1: autoDraw = False
40.2881 	EXP 	instr1: image = 'html/resources/instructions/Slide5.jpg'
40.2881 	EXP 	instr1: autoDraw = True
40.4251 	EXP 	New trial (rep=6, index=0): None
40.4754 	DATA 	Keypress: right
40.4902 	EXP 	instr1: autoDraw = False
40.4902 	EXP 	instr1: image = 'html/resources/instructions/Slide6.jpg'
40.4902 	EXP 	instr1: autoDraw = True
40.6424 	EXP 	New trial (rep=7, index=0): None
40.6941 	DATA 	Keypress: right
40.7080 	EXP 	instr1: autoDraw = False
40.7080 	EXP 	instr1: image = 'html/resources/instructions/Slide7.jpg'
40.7080 	EXP 	instr1: autoDraw = True
40.8759 	EXP 	New trial (rep=8, index=0): None
40.9247 	DATA 	Keypress: right
40.9416 	EXP 	instr1: autoDraw = False
40.9416 	EXP 	instr1: image = 'html/resources/instructions/Slide8.jpg'
40.9416 	EXP 	instr1: autoDraw = True
41.0950 	EXP 	New trial (rep=9, index=0): None
41.1419 	DATA 	Keypress: right
41.1602 	EXP 	instr1: autoDraw = False
41.1602 	EXP 	instr1: image = 'html/resources/instructions/Slide9.jpg'
41.1602 	EXP 	instr1: autoDraw = True
41.3137 	EXP 	New trial (rep=10, index=0): None
41.3673 	DATA 	Keypress: right
41.3787 	EXP 	instr1: autoDraw = False
41.3787 	EXP 	instr1: image = 'html/resources/instructions/Slide10.jpg'
41.3787 	EXP 	instr1: autoDraw = True
41.5130 	EXP 	New trial (rep=11, index=0): None
41.5680 	DATA 	Keypress: right
41.5799 	EXP 	instr1: autoDraw = False
41.5799 	EXP 	instr1: image = 'html/resources/instructions/Slide11.jpg'
41.5799 	EXP 	instr1: autoDraw = True
41.7138 	EXP 	New trial (rep=12, index=0): None
41.7640 	DATA 	Keypress: right
41.7794 	EXP 	instr1: autoDraw = False
41.7794 	EXP 	instr1: image = 'html/resources/instructions/Slide12.jpg'
41.7794 	EXP 	instr1: autoDraw = True
41.9314 	EXP 	New trial (rep=13, index=0): None
41.9775 	DATA 	Keypress: right
41.9979 	EXP 	instr1: autoDraw = False
41.9979 	EXP 	instr1: image = 'html/resources/instructions/Slide13.jpg'
41.9979 	EXP 	instr1: autoDraw = True
42.0650 	EXP 	New trial (rep=14, index=0): None
42.1124 	DATA 	Keypress: right
42.1318 	EXP 	instr1: autoDraw = False
42.1318 	EXP 	instr1: image = 'html/resources/instructions/Slide14.jpg'
42.1318 	EXP 	instr1: autoDraw = True
42.2831 	EXP 	New trial (rep=15, index=0): None
42.3304 	DATA 	Keypress: right
42.3498 	EXP 	instr1: autoDraw = False
42.3498 	EXP 	instr1: image = 'html/resources/instructions/Slide15.jpg'
42.3498 	EXP 	instr1: autoDraw = True
42.4846 	EXP 	New trial (rep=16, index=0): None
42.5315 	DATA 	Keypress: right
42.5502 	EXP 	instr1: autoDraw = False
42.5502 	EXP 	instr1: image = 'html/resources/instructions/Slide16.jpg'
42.5502 	EXP 	instr1: autoDraw = True
42.6705 	EXP 	New trial (rep=17, index=0): None
42.7132 	DATA 	Keypress: right
42.7341 	EXP 	instr1: autoDraw = False
42.7341 	EXP 	instr1: image = 'html/resources/instructions/Slide16.jpg'
42.7341 	EXP 	instr1: autoDraw = True
42.8539 	EXP 	New trial (rep=18, index=0): None
42.9013 	DATA 	Keypress: right
42.9186 	EXP 	instr1: autoDraw = False
42.9186 	EXP 	instr1: image = 'html/resources/instructions/Slide16.jpg'
42.9186 	EXP 	instr1: autoDraw = True
43.0410 	DATA 	Keypress: right
43.0558 	EXP 	New trial (rep=19, index=0): None
43.1366 	EXP 	instr1: autoDraw = False
43.1366 	EXP 	instr1: image = 'html/resources/instructions/Slide16.jpg'
43.1366 	EXP 	instr1: autoDraw = True
43.2050 	EXP 	New trial (rep=20, index=0): None
43.2473 	DATA 	Keypress: right
43.2710 	EXP 	instr1: autoDraw = False
43.2710 	EXP 	instr1: image = 'html/resources/instructions/Slide16.jpg'
43.2710 	EXP 	instr1: autoDraw = True
43.7769 	EXP 	window1: mouseVisible = True
